Algorithms/python/untitled_ert_rtw/untitled/build/intermediates/manifest_merge_blame_file/debug/manifest-merger-blame-debug-report.txt
1<?xml version="1.0" encoding="utf-8"?>
2<manifest xmlns:android="http://schemas.android.com/apk/res/android"
3    package="com.example.untitled"
4    android:versionCode="1"
5    android:versionName="1.0" >
6
7    <uses-sdk
8        android:minSdkVersion="17"
8-->src\main\AndroidManifest.xml
9        android:targetSdkVersion="28" />
9-->src\main\AndroidManifest.xml
10
11    <uses-permission android:name="android.permission.ACCESS_WIFI_STATE" />
11-->src\main\AndroidManifest.xml:10:1-71
11-->src\main\AndroidManifest.xml:10:18-69
12    <uses-permission android:name="android.permission.INTERNET" />
12-->src\main\AndroidManifest.xml:10:71-132
12-->src\main\AndroidManifest.xml:10:88-130
13    <uses-permission android:name="android.permission.ACCESS_NETWORK_STATE" />
13-->src\main\AndroidManifest.xml:11:1-74
13-->src\main\AndroidManifest.xml:11:18-72
14    <uses-permission android:name="android.permission.CAMERA" />
14-->src\main\AndroidManifest.xml:12:1-60
14-->src\main\AndroidManifest.xml:12:18-58
15
16    <uses-feature android:name="android.hardware.camera" />
16-->src\main\AndroidManifest.xml:13:1-55
16-->src\main\AndroidManifest.xml:13:15-53
17    <uses-feature android:name="android.hardware.camera.autofocus" />
17-->src\main\AndroidManifest.xml:14:1-65
17-->src\main\AndroidManifest.xml:14:15-63
18
19    <application
19-->src\main\AndroidManifest.xml:2:5-9:19
20        android:appComponentFactory="androidx.core.app.CoreComponentFactory"
20-->[androidx.core:core:1.3.1] AndroidManifest.xml:24:18-86
21        android:debuggable="true"
22        android:icon="@drawable/ic_launcher"
22-->src\main\AndroidManifest.xml:2:18-54
23        android:label="@string/app_name"
23-->src\main\AndroidManifest.xml:2:55-87
24        android:theme="@style/MWAppTheme" >
24-->src\main\AndroidManifest.xml:2:88-121
25        <activity
25-->src\main\AndroidManifest.xml:3:9-8:20
26            android:name="com.example.untitled.untitled"
26-->src\main\AndroidManifest.xml:3:52-75
27            android:configChanges="orientation|screenSize"
27-->src\main\AndroidManifest.xml:3:122-168
28            android:label="@string/app_name"
28-->src\main\AndroidManifest.xml:3:19-51
29            android:theme="@style/MWAppTheme.NoActionBar" >
29-->src\main\AndroidManifest.xml:3:76-121
30            <intent-filter>
30-->src\main\AndroidManifest.xml:4:13-7:29
31                <action android:name="android.intent.action.MAIN" />
31-->src\main\AndroidManifest.xml:5:17-68
31-->src\main\AndroidManifest.xml:5:25-66
32
33                <category android:name="android.intent.category.LAUNCHER" />
33-->src\main\AndroidManifest.xml:6:17-76
33-->src\main\AndroidManifest.xml:6:27-74
34            </intent-filter>
35        </activity>
36    </application>
37
38</manifest>